<?xml version="1.0" encoding="UTF-8"?>
<testng-results ignored="0" total="1" passed="1" failed="0" skipped="0">
  <reporter-output>
  </reporter-output>
  <suite started-at="2023-10-13T16:43:06 CDT" name="Command line suite" finished-at="2023-10-13T16:43:10 CDT" duration-ms="4465">
    <groups>
    </groups>
    <test started-at="2023-10-13T16:43:06 CDT" name="Command line test" finished-at="2023-10-13T16:43:10 CDT" duration-ms="4465">
      <class name="test.LoginTest">
        <test-method signature="vailidUserShouldBeAbleToLogin()[pri:0, instance:test.LoginTest@4c12331b]" started-at="2023-10-13T16:43:06 CDT" name="vailidUserShouldBeAbleToLogin" finished-at="2023-10-13T16:43:10 CDT" duration-ms="4439" status="PASS">
          <reporter-output>
          </reporter-output>
        </test-method> <!-- vailidUserShouldBeAbleToLogin -->
      </class> <!-- test.LoginTest -->
    </test> <!-- Command line test -->
  </suite> <!-- Command line suite -->
</testng-results>
